<?xml version="1.0" encoding="UTF-8"?>
<!-- Generated by org.testng.reporters.JUnitReportReporter -->
<testsuite hostname="DESKTOP-1TEK3UD" failures="0" tests="1" name="demo.Amazon" time="18.500" errors="0" timestamp="2023-07-18T12:29:54 IST" skipped="0">
  <testcase classname="demo.Amazon" name="amazonTest" time="18.500"/>
</testsuite> <!-- demo.Amazon -->
